Performing C SOURCE FILE Test CMAKE_HAVE_LIBC_PTHREAD failed with the following output:
Change Dir: /home/oem/CLionProjects/Rice/src/cmake-build-debug/CMakeFiles/CMakeTmp

Run Build Command(s):/usr/bin/make cmTC_1a10d/fast && /usr/bin/make -f CMakeFiles/cmTC_1a10d.dir/build.make CMakeFiles/cmTC_1a10d.dir/build
make[1]: вход в каталог «/home/oem/CLionProjects/Rice/src/cmake-build-debug/CMakeFiles/CMakeTmp»
Building C object CMakeFiles/cmTC_1a10d.dir/src.c.o
/usr/bin/cc   -DCMAKE_HAVE_LIBC_PTHREAD   -o CMakeFiles/cmTC_1a10d.dir/src.c.o   -c /home/oem/CLionProjects/Rice/src/cmake-build-debug/CMakeFiles/CMakeTmp/src.c
Linking C executable cmTC_1a10d
/home/oem/.local/share/JetBrains/Toolbox/apps/CLion/ch-0/192.7142.39/bin/cmake/linux/bin/cmake -E cmake_link_script CMakeFiles/cmTC_1a10d.dir/link.txt --verbose=1
/usr/bin/cc  -DCMAKE_HAVE_LIBC_PTHREAD    -rdynamic CMakeFiles/cmTC_1a10d.dir/src.c.o  -o cmTC_1a10d 
CMakeFiles/cmTC_1a10d.dir/src.c.o: In function `main':
src.c:(.text+0x3c): undefined reference to `pthread_create'
src.c:(.text+0x48): undefined reference to `pthread_detach'
src.c:(.text+0x59): undefined reference to `pthread_join'
src.c:(.text+0x6d): undefined reference to `pthread_atfork'
collect2: error: ld returned 1 exit status
CMakeFiles/cmTC_1a10d.dir/build.make:86: ошибка выполнения рецепта для цели «cmTC_1a10d»
make[1]: *** [cmTC_1a10d] Ошибка 1
make[1]: выход из каталога «/home/oem/CLionProjects/Rice/src/cmake-build-debug/CMakeFiles/CMakeTmp»
Makefile:121: ошибка выполнения рецепта для цели «cmTC_1a10d/fast»
make: *** [cmTC_1a10d/fast] Ошибка 2


Source file was:
#include <pthread.h>

void* test_func(void* data)
{
  return data;
}

int main(void)
{
  pthread_t thread;
  pthread_create(&thread, NULL, test_func, NULL);
  pthread_detach(thread);
  pthread_join(thread, NULL);
  pthread_atfork(NULL, NULL, NULL);
  pthread_exit(NULL);

  return 0;
}

Determining if the function pthread_create exists in the pthreads failed with the following output:
Change Dir: /home/oem/CLionProjects/Rice/src/cmake-build-debug/CMakeFiles/CMakeTmp

Run Build Command(s):/usr/bin/make cmTC_44554/fast && /usr/bin/make -f CMakeFiles/cmTC_44554.dir/build.make CMakeFiles/cmTC_44554.dir/build
make[1]: вход в каталог «/home/oem/CLionProjects/Rice/src/cmake-build-debug/CMakeFiles/CMakeTmp»
Building C object CMakeFiles/cmTC_44554.dir/CheckFunctionExists.c.o
/usr/bin/cc   -DCHECK_FUNCTION_EXISTS=pthread_create   -o CMakeFiles/cmTC_44554.dir/CheckFunctionExists.c.o   -c /home/oem/.local/share/JetBrains/Toolbox/apps/CLion/ch-0/192.7142.39/bin/cmake/linux/share/cmake-3.15/Modules/CheckFunctionExists.c
Linking C executable cmTC_44554
/home/oem/.local/share/JetBrains/Toolbox/apps/CLion/ch-0/192.7142.39/bin/cmake/linux/bin/cmake -E cmake_link_script CMakeFiles/cmTC_44554.dir/link.txt --verbose=1
/usr/bin/cc  -DCHECK_FUNCTION_EXISTS=pthread_create    -rdynamic CMakeFiles/cmTC_44554.dir/CheckFunctionExists.c.o  -o cmTC_44554 -lpthreads 
/usr/bin/ld: cannot find -lpthreads
collect2: error: ld returned 1 exit status
CMakeFiles/cmTC_44554.dir/build.make:86: ошибка выполнения рецепта для цели «cmTC_44554»
make[1]: *** [cmTC_44554] Ошибка 1
make[1]: выход из каталога «/home/oem/CLionProjects/Rice/src/cmake-build-debug/CMakeFiles/CMakeTmp»
Makefile:121: ошибка выполнения рецепта для цели «cmTC_44554/fast»
make: *** [cmTC_44554/fast] Ошибка 2



