x:\coding\c++\timus_2095\timus_2095\x64\release\vc142.pdb
x:\coding\c++\timus_2095\timus_2095\x64\release\timus_2095.nativecodeanalysis.sarif
x:\coding\c++\timus_2095\timus_2095\x64\release\timus_2095.nativecodeanalysis.xml
x:\coding\c++\timus_2095\timus_2095\x64\release\myclass.nativecodeanalysis.sarif
x:\coding\c++\timus_2095\timus_2095\x64\release\myclass.nativecodeanalysis.xml
x:\coding\c++\timus_2095\timus_2095\x64\release\myclass.obj
x:\coding\c++\timus_2095\timus_2095\x64\release\timus_2095.obj
x:\coding\c++\timus_2095\timus_2095\x64\release\timus_2095.exe
x:\coding\c++\timus_2095\timus_2095\x64\release\timus_2095.pdb
x:\coding\c++\timus_2095\timus_2095\x64\release\timus_2095.ipdb
x:\coding\c++\timus_2095\timus_2095\x64\release\timus_2095.iobj
x:\coding\c++\timus_2095\timus_2095\x64\release\nativecodeanalysis.read.1.tlog
x:\coding\c++\timus_2095\timus_2095\x64\release\gtest.pdb
x:\coding\c++\timus_2095\timus_2095\x64\release\gtest_main.pdb
x:\coding\c++\timus_2095\timus_2095\x64\release\testmyclass.pdb
x:\coding\c++\timus_2095\timus_2095\x64\release\vc.nativecodeanalysis.all.xml
x:\coding\c++\timus_2095\timus_2095\x64\release\timus_2095.tlog\cl.command.1.tlog
x:\coding\c++\timus_2095\timus_2095\x64\release\timus_2095.tlog\cl.read.1.tlog
x:\coding\c++\timus_2095\timus_2095\x64\release\timus_2095.tlog\cl.write.1.tlog
x:\coding\c++\timus_2095\timus_2095\x64\release\timus_2095.tlog\link.command.1.tlog
x:\coding\c++\timus_2095\timus_2095\x64\release\timus_2095.tlog\link.read.1.tlog
x:\coding\c++\timus_2095\timus_2095\x64\release\timus_2095.tlog\link.write.1.tlog
x:\coding\c++\timus_2095\timus_2095\x64\release\timus_2095.tlog\timus_2095.write.1u.tlog
